2026/04/01 10:19:23 viduragunawardana @(unknown) (89675) [visibility]> read 0 heads: 
2026/04/01 10:19:23 viduragunawardana @(unknown) (89675) [command_finish]> init exited 0 after 0.18 seconds
2026/04/01 10:25:47 viduragunawardana @(unknown) (90142) [command]> add .
2026/04/01 10:25:48 viduragunawardana @0000000000000000000000000000000000000000 (90142) [command_finish]> add . exited 0 after 0.58 seconds
2026/04/01 10:26:02 viduragunawardana @(unknown) (90232) [command]> web
2026/04/01 10:26:03 viduragunawardana @(unknown) (90232) [command_finish]> web exited 0 after 0.50 seconds
2026/04/01 10:26:05 viduragunawardana @(unknown) (90247) [command]> debugcommitmessage isl --noninteractive
2026/04/01 10:26:05 viduragunawardana @0000000000000000000000000000000000000000 (90247) [visibility]> read 0 heads: 
2026/04/01 10:26:05 viduragunawardana @0000000000000000000000000000000000000000 (90247) [command_finish]> debugcommitmessage isl --noninteractive exited 255 after 0.74 seconds
2026/04/01 10:26:51 viduragunawardana @(unknown) (90464) [command]> commit -m 'Initial commit'
2026/04/01 10:26:51 viduragunawardana @0000000000000000000000000000000000000000 (90464) [visibility]> read 0 heads: 
2026/04/01 10:26:51 viduragunawardana @0000000000000000000000000000000000000000 (90464) [visibility]> read 0 heads: 
2026/04/01 10:26:51 viduragunawardana @0000000000000000000000000000000000000000 (90464) [command_finish]> commit -m 'Initial commit' exited 255 after 0.52 seconds
2026/04/01 10:27:22 viduragunawardana @(unknown) (90654) [command]> commit --addremove --message 'Initial Commit' --noninteractive
2026/04/01 10:27:22 viduragunawardana @0000000000000000000000000000000000000000 (90654) [visibility]> read 0 heads: 
2026/04/01 10:27:22 viduragunawardana @0000000000000000000000000000000000000000 (90654) [visibility]> read 0 heads: 
2026/04/01 10:27:22 viduragunawardana @0000000000000000000000000000000000000000 (90654) [command_finish]> commit --addremove --message 'Initial Commit' --noninteractive exited 255 after 0.56 seconds
2026/04/01 10:28:03 viduragunawardana @(unknown) (91261) [command]> commit --addremove --message 'Initial Commit' --noninteractive
2026/04/01 10:28:04 viduragunawardana @0000000000000000000000000000000000000000 (91261) [visibility]> read 0 heads: 
2026/04/01 10:28:04 viduragunawardana @0000000000000000000000000000000000000000 (91261) [visibility]> read 0 heads: 
2026/04/01 10:28:04 viduragunawardana @0000000000000000000000000000000000000000 (91261) [command_finish]> commit --addremove --message 'Initial Commit' --noninteractive exited 255 after 0.54 seconds
2026/04/01 10:28:07 viduragunawardana @(unknown) (91425) [command]> commit --config 'ui.allowemptycommit=true' --message 'Initial Commit' --noninteractive
2026/04/01 10:28:07 viduragunawardana @0000000000000000000000000000000000000000 (91425) [visibility]> read 0 heads: 
2026/04/01 10:28:07 viduragunawardana @0000000000000000000000000000000000000000 (91425) [visibility]> read 0 heads: 
2026/04/01 10:28:07 viduragunawardana @0000000000000000000000000000000000000000 (91425) [command_finish]> commit --config 'ui.allowemptycommit=true' --message 'Initial Commit' --noninteractive exited 255 after 0.40 seconds
2026/04/01 10:28:09 viduragunawardana @(unknown) (91585) [command]> commit --config 'ui.allowemptycommit=true' --message 'Initial Commit' --noninteractive
2026/04/01 10:28:09 viduragunawardana @0000000000000000000000000000000000000000 (91585) [visibility]> read 0 heads: 
2026/04/01 10:28:09 viduragunawardana @0000000000000000000000000000000000000000 (91585) [visibility]> read 0 heads: 
2026/04/01 10:28:09 viduragunawardana @0000000000000000000000000000000000000000 (91585) [command_finish]> commit --config 'ui.allowemptycommit=true' --message 'Initial Commit' --noninteractive exited 255 after 0.42 seconds
2026/04/01 10:28:13 viduragunawardana @(unknown) (91748) [command]> uncommit --noninteractive
2026/04/01 10:28:13 viduragunawardana @0000000000000000000000000000000000000000 (91748) [command_finish]> uncommit --noninteractive exited 255 after 0.11 seconds
2026/04/01 10:28:17 viduragunawardana @(unknown) (91809) [command]> uncommit --noninteractive
2026/04/01 10:28:17 viduragunawardana @0000000000000000000000000000000000000000 (91809) [command_finish]> uncommit --noninteractive exited 255 after 0.11 seconds
